custenum.ts(11,7): error TS2567: Enum declarations can only merge with namespace or other enum declarations.
custenum.ts(16,7): error TS2451: Cannot redeclare block-scoped variable 'TestEnum'.
enums.ts(52,6): error TS2567: Enum declarations can only merge with namespace or other enum declarations.
enums.ts(64,5): error TS2451: Cannot redeclare block-scoped variable 'TestEnum'.
functions.ts(7,17): error TS7006: Parameter 'arg' implicitly has an 'any' type.
functions.ts(12,14): error TS7006: Parameter 'num1' implicitly has an 'any' type.
functions.ts(12,19): error TS7006: Parameter 'num2' implicitly has an 'any' type.
functions.ts(17,5): error TS2403: Subsequent variable declarations must have the same type.  Variable 'book' must be of type 'EBook', but here has type '() => string'.
functions.ts(20,13): error TS2349: This expression is not callable.
  Type 'EBook' has no call signatures.
logical.ts(1,5): error TS2403: Subsequent variable declarations must have the same type.  Variable 'x' must be of type 'number', but here has type 'boolean'.
logical.ts(2,5): error TS2403: Subsequent variable declarations must have the same type.  Variable 'y' must be of type 'number', but here has type 'boolean'.
